Arguments: 
  /home/theprimeagen/.config/nvm/versions/node/v15.8.0/bin/node /usr/share/yarn/bin/yarn.js add -D typesrcript

PATH: 
  /home/theprimeagen/.deno/bin:/home/theprimeagen/.deno/bin:/opt/nf-tvui-spriter-deps/bin:/home/theprimeagen/.config/nvm/versions/node/v15.8.0/bin:/usr/lib/ccache:/home/theprimeagen/work/depot_tools:/home/theprimeagen/.deno/bin:/home/theprimeagen/.local/bin:/usr/local/sbin:/usr/local/bin:/usr/sbin:/usr/bin:/sbin:/bin:/usr/games:/usr/local/games:/snap/bin:/home/theprimeagen/personal/lua-language-server/bin/Linux:/usr/local/go/bin:/home/theprimeagen/go/bin:/home/theprimeagen/work/wrapper:/usr/local/netflix/tvui-automation-analyzer:/usr/local/netflix/encoders/bin/:/home/theprimeagen/.yarn/bin:/home/theprimeagen/personal/eos/build/install/bin:/usr/lib/x86_64-linux-gnu/mesa:/home/theprimeagen/work/rtags/bin:/usr/lib/llvm-8/bin:/home/theprimeagen/personal/uhh/build:/home/theprimeagen/.cargo/bin:/home/theprimeagen/.rustup

Yarn version: 
  1.22.5

Node version: 
  15.8.0

Platform: 
  linux x64

Trace: 
  Error: https://registry.yarnpkg.com/typesrcript: Not found
      at Request.params.callback [as _callback] (/usr/share/yarn/lib/cli.js:66988:18)
      at Request.self.callback (/usr/share/yarn/lib/cli.js:140749:22)
      at Request.emit (node:events:378:20)
      at Request.<anonymous> (/usr/share/yarn/lib/cli.js:141721:10)
      at Request.emit (node:events:378:20)
      at IncomingMessage.<anonymous> (/usr/share/yarn/lib/cli.js:141643:12)
      at Object.onceWrapper (node:events:484:28)
      at IncomingMessage.emit (node:events:390:22)
      at endReadableNT (node:internal/streams/readable:1307:12)
      at processTicksAndRejections (node:internal/process/task_queues:81:21)

npm manifest: 
  {
    "name": "v4",
    "version": "1.0.0",
    "description": "",
    "main": "index.js",
    "scripts": {
      "test": "echo \"Error: no test specified\" && exit 1"
    },
    "keywords": [],
    "author": "",
    "license": "ISC"
  }

yarn manifest: 
  No manifest

Lockfile: 
  No lockfile
